<?xml version="1.0" encoding="UTF-8"?>
<!-- Generated by org.testng.reporters.JUnitReportReporter -->
<testsuite skipped="1" hostname="DESKTOP-V123S32" name="com.zoho.runner.CucumberProjectTestngRunnerTest" tests="3" failures="0" timestamp="11 May 2020 01:56:31 GMT" time="54.008" errors="0">
  <testcase name="runScenario" time="36.001" classname="com.zoho.runner.CucumberProjectTestngRunnerTest"/>
  <testcase name="runScenario" time="17.982" classname="com.zoho.runner.CucumberProjectTestngRunnerTest"/>
  <testcase name="runScenario" time="0.025" classname="com.zoho.runner.CucumberProjectTestngRunnerTest">
    <skipped/>
  </testcase> <!-- runScenario -->
</testsuite> <!-- com.zoho.runner.CucumberProjectTestngRunnerTest -->
