<?xml version="1.0" encoding="UTF-8"?>
<!-- Generated by org.testng.reporters.JUnitReportReporter -->
<testsuite skipped="2" hostname="DESKTOP-V123S32" name="com.zoho.runner.CucumberProjectTestngRunnerTest" tests="3" failures="0" timestamp="11 May 2020 01:43:35 GMT" time="31.242" errors="0">
  <testcase name="runScenario" time="0.013" classname="com.zoho.runner.CucumberProjectTestngRunnerTest">
    <skipped/>
  </testcase> <!-- runScenario -->
  <testcase name="runScenario" time="17.944" classname="com.zoho.runner.CucumberProjectTestngRunnerTest"/>
  <testcase name="runScenario" time="13.285" classname="com.zoho.runner.CucumberProjectTestngRunnerTest">
    <skipped/>
  </testcase> <!-- runScenario -->
</testsuite> <!-- com.zoho.runner.CucumberProjectTestngRunnerTest -->
